c:\users\tomek\source\repos\project1\debug\vc142.pdb
c:\users\tomek\source\repos\project1\debug\.netframework,version=v4.7.2.assemblyattributes.obj
c:\users\tomek\source\repos\project1\debug\slowa.obj
c:\users\tomek\source\repos\project1\debug\myform.obj
c:\users\tomek\source\repos\project1\debug\form2.obj
c:\users\tomek\source\repos\project1\debug\project1.myform.resources
c:\users\tomek\source\repos\project1\debug\project1.form2.resources
c:\users\tomek\source\repos\project1\debug\project1.exe.metagen
c:\users\tomek\source\repos\project1\debug\project1.tlog\cl.command.1.tlog
c:\users\tomek\source\repos\project1\debug\project1.tlog\cl.read.1.tlog
c:\users\tomek\source\repos\project1\debug\project1.tlog\cl.write.1.tlog
c:\users\tomek\source\repos\project1\debug\project1.tlog\link.14164-cvtres.read.1.tlog
c:\users\tomek\source\repos\project1\debug\project1.tlog\link.14164-cvtres.write.1.tlog
c:\users\tomek\source\repos\project1\debug\project1.tlog\link.14164-rc.read.1.tlog
c:\users\tomek\source\repos\project1\debug\project1.tlog\link.14164-rc.write.1.tlog
c:\users\tomek\source\repos\project1\debug\project1.tlog\link.14164.read.1.tlog
c:\users\tomek\source\repos\project1\debug\project1.tlog\link.14164.write.1.tlog
c:\users\tomek\source\repos\project1\debug\project1.tlog\link.4548-cvtres.read.1.tlog
c:\users\tomek\source\repos\project1\debug\project1.tlog\link.4548-cvtres.write.1.tlog
c:\users\tomek\source\repos\project1\debug\project1.tlog\link.4548-rc.read.1.tlog
c:\users\tomek\source\repos\project1\debug\project1.tlog\link.4548-rc.write.1.tlog
c:\users\tomek\source\repos\project1\debug\project1.tlog\link.4548.read.1.tlog
c:\users\tomek\source\repos\project1\debug\project1.tlog\link.4548.write.1.tlog
c:\users\tomek\source\repos\project1\debug\project1.tlog\link.4840-cvtres.read.1.tlog
c:\users\tomek\source\repos\project1\debug\project1.tlog\link.4840-cvtres.write.1.tlog
c:\users\tomek\source\repos\project1\debug\project1.tlog\link.4840-rc.read.1.tlog
c:\users\tomek\source\repos\project1\debug\project1.tlog\link.4840-rc.write.1.tlog
c:\users\tomek\source\repos\project1\debug\project1.tlog\link.4840.read.1.tlog
c:\users\tomek\source\repos\project1\debug\project1.tlog\link.4840.write.1.tlog
c:\users\tomek\source\repos\project1\debug\project1.tlog\link.command.1.tlog
c:\users\tomek\source\repos\project1\debug\project1.tlog\link.read.1.tlog
c:\users\tomek\source\repos\project1\debug\project1.tlog\link.write.1.tlog
c:\users\tomek\source\repos\project1\debug\project1.tlog\metagen.read.1.tlog
c:\users\tomek\source\repos\project1\debug\project1.tlog\metagen.write.1.tlog
c:\users\tomek\source\repos\project1\debug\project1.tlog\project1.write.1u.tlog
